{"C:\\Users\\bcari\\OneDrive\\Escritorio\\Clase20-08-22\\app.js": {"path":"C:\\Users\\bcari\\OneDrive\\Escritorio\\Clase20-08-22\\app.js","statementMap":{"0":{"start":{"line":1,"column":0},"end":{"line":1,"column":27}},"1":{"start":{"line":2,"column":16},"end":{"line":2,"column":34}},"2":{"start":{"line":3,"column":13},"end":{"line":3,"column":28}},"3":{"start":{"line":4,"column":18},"end":{"line":4,"column":47}},"4":{"start":{"line":5,"column":28},"end":{"line":5,"column":53}},"5":{"start":{"line":6,"column":23},"end":{"line":6,"column":48}},"6":{"start":{"line":7,"column":25},"end":{"line":7,"column":50}},"7":{"start":{"line":8,"column":12},"end":{"line":8,"column":21}},"8":{"start":{"line":10,"column":18},"end":{"line":10,"column":39}},"9":{"start":{"line":11,"column":17},"end":{"line":11,"column":54}},"10":{"start":{"line":14,"column":0},"end":{"line":14,"column":15}},"11":{"start":{"line":15,"column":0},"end":{"line":15,"column":23}},"12":{"start":{"line":16,"column":0},"end":{"line":16,"column":34}},"13":{"start":{"line":18,"column":13},"end":{"line":18,"column":37}},"14":{"start":{"line":23,"column":0},"end":{"line":23,"column":80}},"15":{"start":{"line":29,"column":0},"end":{"line":29,"column":36}},"16":{"start":{"line":31,"column":0},"end":{"line":33,"column":1}},"17":{"start":{"line":32,"column":4},"end":{"line":32,"column":21}},"18":{"start":{"line":36,"column":0},"end":{"line":36,"column":60}},"19":{"start":{"line":38,"column":0},"end":{"line":38,"column":20}}},"fnMap":{},"branchMap":{"0":{"loc":{"start":{"line":11,"column":17},"end":{"line":11,"column":54}},"type":"binary-expr","locations":[{"start":{"line":11,"column":17},"end":{"line":11,"column":37}},{"start":{"line":11,"column":41},"end":{"line":11,"column":54}}],"line":11},"1":{"loc":{"start":{"line":18,"column":13},"end":{"line":18,"column":37}},"type":"binary-expr","locations":[{"start":{"line":18,"column":13},"end":{"line":18,"column":29}},{"start":{"line":18,"column":33},"end":{"line":18,"column":37}}],"line":18},"2":{"loc":{"start":{"line":31,"column":0},"end":{"line":33,"column":1}},"type":"if","locations":[{"start":{"line":31,"column":0},"end":{"line":33,"column":1}},{"start":{},"end":{}}],"line":31},"3":{"loc":{"start":{"line":36,"column":0},"end":{"line":36,"column":59}},"type":"cond-expr","locations":[{"start":{"line":36,"column":24},"end":{"line":36,"column":40}},{"start":{"line":36,"column":43},"end":{"line":36,"column":59}}],"line":36}},"s":{"0":2,"1":2,"2":2,"3":2,"4":2,"5":2,"6":2,"7":2,"8":2,"9":2,"10":2,"11":2,"12":2,"13":2,"14":2,"15":2,"16":2,"17":0,"18":2,"19":2},"f":{},"b":{"0":[2,0],"1":[2,0],"2":[0,2],"3":[2,0]},"_coverageSchema":"1a1c01bbd47fc00a2c39e90264f33305004495a9","hash":"f97ac5299ae63f331ef7a260068f7b739c396a4f"}
,"C:\\Users\\bcari\\OneDrive\\Escritorio\\Clase20-08-22\\config\\mongo.js": {"path":"C:\\Users\\bcari\\OneDrive\\Escritorio\\Clase20-08-22\\config\\mongo.js","statementMap":{"0":{"start":{"line":1,"column":17},"end":{"line":1,"column":36}},"1":{"start":{"line":3,"column":16},"end":{"line":3,"column":36}},"2":{"start":{"line":5,"column":18},"end":{"line":18,"column":1}},"3":{"start":{"line":6,"column":19},"end":{"line":6,"column":86}},"4":{"start":{"line":7,"column":4},"end":{"line":17,"column":4}},"5":{"start":{"line":11,"column":8},"end":{"line":15,"column":9}},"6":{"start":{"line":12,"column":12},"end":{"line":12,"column":54}},"7":{"start":{"line":14,"column":12},"end":{"line":14,"column":59}},"8":{"start":{"line":20,"column":0},"end":{"line":20,"column":26}}},"fnMap":{"0":{"name":"(anonymous_0)","decl":{"start":{"line":5,"column":18},"end":{"line":5,"column":19}},"loc":{"start":{"line":5,"column":24},"end":{"line":18,"column":1}},"line":5},"1":{"name":"(anonymous_1)","decl":{"start":{"line":10,"column":4},"end":{"line":10,"column":5}},"loc":{"start":{"line":10,"column":17},"end":{"line":16,"column":5}},"line":10}},"branchMap":{"0":{"loc":{"start":{"line":6,"column":19},"end":{"line":6,"column":86}},"type":"cond-expr","locations":[{"start":{"line":6,"column":42},"end":{"line":6,"column":65}},{"start":{"line":6,"column":68},"end":{"line":6,"column":86}}],"line":6},"1":{"loc":{"start":{"line":11,"column":8},"end":{"line":15,"column":9}},"type":"if","locations":[{"start":{"line":11,"column":8},"end":{"line":15,"column":9}},{"start":{"line":13,"column":13},"end":{"line":15,"column":9}}],"line":11}},"s":{"0":2,"1":2,"2":2,"3":2,"4":2,"5":2,"6":2,"7":0,"8":2},"f":{"0":2,"1":2},"b":{"0":[2,0],"1":[2,0]},"_coverageSchema":"1a1c01bbd47fc00a2c39e90264f33305004495a9","hash":"f696e76343661231adac72a42f459d227876a74e"}
,"C:\\Users\\bcari\\OneDrive\\Escritorio\\Clase20-08-22\\config\\mysql.js": {"path":"C:\\Users\\bcari\\OneDrive\\Escritorio\\Clase20-08-22\\config\\mysql.js","statementMap":{"0":{"start":{"line":1,"column":20},"end":{"line":1,"column":40}},"1":{"start":{"line":2,"column":16},"end":{"line":2,"column":36}},"2":{"start":{"line":3,"column":15},"end":{"line":3,"column":82}},"3":{"start":{"line":5,"column":17},"end":{"line":5,"column":101}},"4":{"start":{"line":6,"column":17},"end":{"line":6,"column":39}},"5":{"start":{"line":7,"column":17},"end":{"line":7,"column":43}},"6":{"start":{"line":8,"column":13},"end":{"line":8,"column":35}},"7":{"start":{"line":10,"column":18},"end":{"line":14,"column":1}},"8":{"start":{"line":16,"column":23},"end":{"line":24,"column":1}},"9":{"start":{"line":17,"column":4},"end":{"line":23,"column":5}},"10":{"start":{"line":18,"column":8},"end":{"line":18,"column":39}},"11":{"start":{"line":19,"column":8},"end":{"line":19,"column":47}},"12":{"start":{"line":21,"column":8},"end":{"line":21,"column":50}},"13":{"start":{"line":26,"column":0},"end":{"line":26,"column":44}}},"fnMap":{"0":{"name":"(anonymous_0)","decl":{"start":{"line":16,"column":23},"end":{"line":16,"column":24}},"loc":{"start":{"line":16,"column":32},"end":{"line":24,"column":1}},"line":16}},"branchMap":{"0":{"loc":{"start":{"line":3,"column":15},"end":{"line":3,"column":82}},"type":"cond-expr","locations":[{"start":{"line":3,"column":38},"end":{"line":3,"column":61}},{"start":{"line":3,"column":64},"end":{"line":3,"column":82}}],"line":3},"1":{"loc":{"start":{"line":5,"column":17},"end":{"line":5,"column":101}},"type":"cond-expr","locations":[{"start":{"line":5,"column":41},"end":{"line":5,"column":72}},{"start":{"line":5,"column":75},"end":{"line":5,"column":101}}],"line":5}},"s":{"0":2,"1":2,"2":2,"3":2,"4":2,"5":2,"6":2,"7":2,"8":2,"9":0,"10":0,"11":0,"12":0,"13":2},"f":{"0":0},"b":{"0":[2,0],"1":[2,0]},"_coverageSchema":"1a1c01bbd47fc00a2c39e90264f33305004495a9","hash":"9148362ee9ccf62138590bb0778f8f295305a088"}
,"C:\\Users\\bcari\\OneDrive\\Escritorio\\Clase20-08-22\\controllers\\auth.js": {"path":"C:\\Users\\bcari\\OneDrive\\Escritorio\\Clase20-08-22\\controllers\\auth.js","statementMap":{"0":{"start":{"line":1,"column":23},"end":{"line":1,"column":51}},"1":{"start":{"line":2,"column":27},"end":{"line":2,"column":61}},"2":{"start":{"line":3,"column":20},"end":{"line":3,"column":49}},"3":{"start":{"line":4,"column":26},"end":{"line":4,"column":57}},"4":{"start":{"line":5,"column":22},"end":{"line":5,"column":42}},"5":{"start":{"line":13,"column":21},"end":{"line":36,"column":1}},"6":{"start":{"line":14,"column":4},"end":{"line":35,"column":5}},"7":{"start":{"line":15,"column":8},"end":{"line":15,"column":31}},"8":{"start":{"line":16,"column":21},"end":{"line":16,"column":65}},"9":{"start":{"line":17,"column":4},"end":{"line":17,"column":25}},"10":{"start":{"line":18,"column":4},"end":{"line":32,"column":5}},"11":{"start":{"line":19,"column":8},"end":{"line":19,"column":66}},"12":{"start":{"line":21,"column":25},"end":{"line":21,"column":52}},"13":{"start":{"line":22,"column":21},"end":{"line":22,"column":39}},"14":{"start":{"line":23,"column":25},"end":{"line":23,"column":55}},"15":{"start":{"line":24,"column":8},"end":{"line":24,"column":61}},"16":{"start":{"line":26,"column":20},"end":{"line":29,"column":9}},"17":{"start":{"line":30,"column":7},"end":{"line":30,"column":22}},"18":{"start":{"line":31,"column":8},"end":{"line":31,"column":25}},"19":{"start":{"line":34,"column":8},"end":{"line":34,"column":51}},"20":{"start":{"line":38,"column":18},"end":{"line":71,"column":1}},"21":{"start":{"line":39,"column":4},"end":{"line":70,"column":5}},"22":{"start":{"line":40,"column":8},"end":{"line":40,"column":29}},"23":{"start":{"line":41,"column":21},"end":{"line":41,"column":65}},"24":{"start":{"line":43,"column":8},"end":{"line":46,"column":9}},"25":{"start":{"line":44,"column":12},"end":{"line":44,"column":56}},"26":{"start":{"line":45,"column":12},"end":{"line":45,"column":18}},"27":{"start":{"line":48,"column":8},"end":{"line":48,"column":25}},"28":{"start":{"line":50,"column":29},"end":{"line":50,"column":42}},"29":{"start":{"line":52,"column":22},"end":{"line":52,"column":63}},"30":{"start":{"line":54,"column":8},"end":{"line":57,"column":9}},"31":{"start":{"line":55,"column":12},"end":{"line":55,"column":57}},"32":{"start":{"line":56,"column":12},"end":{"line":56,"column":18}},"33":{"start":{"line":59,"column":8},"end":{"line":59,"column":55}},"34":{"start":{"line":60,"column":20},"end":{"line":63,"column":9}},"35":{"start":{"line":65,"column":8},"end":{"line":65,"column":24}},"36":{"start":{"line":68,"column":8},"end":{"line":68,"column":22}},"37":{"start":{"line":69,"column":8},"end":{"line":69,"column":58}},"38":{"start":{"line":72,"column":0},"end":{"line":72,"column":41}}},"fnMap":{"0":{"name":"(anonymous_0)","decl":{"start":{"line":13,"column":21},"end":{"line":13,"column":22}},"loc":{"start":{"line":13,"column":39},"end":{"line":36,"column":1}},"line":13},"1":{"name":"(anonymous_1)","decl":{"start":{"line":38,"column":18},"end":{"line":38,"column":19}},"loc":{"start":{"line":38,"column":36},"end":{"line":71,"column":1}},"line":38}},"branchMap":{"0":{"loc":{"start":{"line":18,"column":4},"end":{"line":32,"column":5}},"type":"if","locations":[{"start":{"line":18,"column":4},"end":{"line":32,"column":5}},{"start":{"line":20,"column":10},"end":{"line":32,"column":5}}],"line":18},"1":{"loc":{"start":{"line":43,"column":8},"end":{"line":46,"column":9}},"type":"if","locations":[{"start":{"line":43,"column":8},"end":{"line":46,"column":9}},{"start":{},"end":{}}],"line":43},"2":{"loc":{"start":{"line":54,"column":8},"end":{"line":57,"column":9}},"type":"if","locations":[{"start":{"line":54,"column":8},"end":{"line":57,"column":9}},{"start":{},"end":{}}],"line":54}},"s":{"0":2,"1":2,"2":2,"3":2,"4":2,"5":2,"6":0,"7":0,"8":0,"9":0,"10":0,"11":0,"12":0,"13":0,"14":0,"15":0,"16":0,"17":0,"18":0,"19":0,"20":2,"21":0,"22":0,"23":0,"24":0,"25":0,"26":0,"27":0,"28":0,"29":0,"30":0,"31":0,"32":0,"33":0,"34":0,"35":0,"36":0,"37":0,"38":2},"f":{"0":0,"1":0},"b":{"0":[0,0],"1":[0,0],"2":[0,0]},"_coverageSchema":"1a1c01bbd47fc00a2c39e90264f33305004495a9","hash":"5c6b14cbf7aaa61158d186e2f4b999fc005cdeac"}
,"C:\\Users\\bcari\\OneDrive\\Escritorio\\Clase20-08-22\\docs\\swagger.js": {"path":"C:\\Users\\bcari\\OneDrive\\Escritorio\\Clase20-08-22\\docs\\swagger.js","statementMap":{"0":{"start":{"line":1,"column":21},"end":{"line":1,"column":45}},"1":{"start":{"line":7,"column":25},"end":{"line":115,"column":1}},"2":{"start":{"line":121,"column":16},"end":{"line":126,"column":1}},"3":{"start":{"line":128,"column":28},"end":{"line":128,"column":49}},"4":{"start":{"line":130,"column":0},"end":{"line":130,"column":55}}},"fnMap":{},"branchMap":{},"s":{"0":2,"1":2,"2":2,"3":2,"4":2},"f":{},"b":{},"_coverageSchema":"1a1c01bbd47fc00a2c39e90264f33305004495a9","hash":"ee2cee581a224a4e8088d5b0a397edad43f480c7"}
,"C:\\Users\\bcari\\OneDrive\\Escritorio\\Clase20-08-22\\models\\index.js": {"path":"C:\\Users\\bcari\\OneDrive\\Escritorio\\Clase20-08-22\\models\\index.js","statementMap":{"0":{"start":{"line":1,"column":18},"end":{"line":1,"column":39}},"1":{"start":{"line":3,"column":19},"end":{"line":3,"column":63}},"2":{"start":{"line":5,"column":14},"end":{"line":9,"column":1}},"3":{"start":{"line":10,"column":0},"end":{"line":10,"column":24}}},"fnMap":{},"branchMap":{"0":{"loc":{"start":{"line":3,"column":19},"end":{"line":3,"column":63}},"type":"cond-expr","locations":[{"start":{"line":3,"column":43},"end":{"line":3,"column":52}},{"start":{"line":3,"column":54},"end":{"line":3,"column":63}}],"line":3}},"s":{"0":2,"1":2,"2":2,"3":2},"f":{},"b":{"0":[2,0]},"_coverageSchema":"1a1c01bbd47fc00a2c39e90264f33305004495a9","hash":"b2dbd07d0e83e56b638a6ad2570954c0c5856b5d"}
,"C:\\Users\\bcari\\OneDrive\\Escritorio\\Clase20-08-22\\models\\nosql\\users.js": {"path":"C:\\Users\\bcari\\OneDrive\\Escritorio\\Clase20-08-22\\models\\nosql\\users.js","statementMap":{"0":{"start":{"line":1,"column":17},"end":{"line":1,"column":36}},"1":{"start":{"line":2,"column":23},"end":{"line":2,"column":49}},"2":{"start":{"line":3,"column":19},"end":{"line":28,"column":1}},"3":{"start":{"line":30,"column":0},"end":{"line":30,"column":60}},"4":{"start":{"line":31,"column":0},"end":{"line":31,"column":52}}},"fnMap":{},"branchMap":{},"s":{"0":2,"1":2,"2":2,"3":2,"4":2},"f":{},"b":{},"_coverageSchema":"1a1c01bbd47fc00a2c39e90264f33305004495a9","hash":"557ab5249eb7a008f8a45fcd9b39b1a24db9fe2c"}
,"C:\\Users\\bcari\\OneDrive\\Escritorio\\Clase20-08-22\\routes\\auth.js": {"path":"C:\\Users\\bcari\\OneDrive\\Escritorio\\Clase20-08-22\\routes\\auth.js","statementMap":{"0":{"start":{"line":1,"column":16},"end":{"line":1,"column":34}},"1":{"start":{"line":2,"column":34},"end":{"line":2,"column":64}},"2":{"start":{"line":3,"column":15},"end":{"line":3,"column":31}},"3":{"start":{"line":4,"column":44},"end":{"line":4,"column":74}},"4":{"start":{"line":28,"column":0},"end":{"line":28,"column":57}},"5":{"start":{"line":54,"column":0},"end":{"line":54,"column":48}},"6":{"start":{"line":57,"column":0},"end":{"line":57,"column":24}}},"fnMap":{},"branchMap":{},"s":{"0":2,"1":2,"2":2,"3":2,"4":2,"5":2,"6":2},"f":{},"b":{},"_coverageSchema":"1a1c01bbd47fc00a2c39e90264f33305004495a9","hash":"15a2a51ac14bd01d0315371e613576984f1ee9d2"}
,"C:\\Users\\bcari\\OneDrive\\Escritorio\\Clase20-08-22\\routes\\storage.js": {"path":"C:\\Users\\bcari\\OneDrive\\Escritorio\\Clase20-08-22\\routes\\storage.js","statementMap":{"0":{"start":{"line":1,"column":16},"end":{"line":1,"column":35}},"1":{"start":{"line":2,"column":15},"end":{"line":2,"column":31}},"2":{"start":{"line":3,"column":25},"end":{"line":3,"column":58}},"3":{"start":{"line":4,"column":23},"end":{"line":4,"column":55}},"4":{"start":{"line":5,"column":27},"end":{"line":5,"column":59}},"5":{"start":{"line":11,"column":8},"end":{"line":11,"column":41}},"6":{"start":{"line":38,"column":0},"end":{"line":38,"column":26}},"7":{"start":{"line":67,"column":0},"end":{"line":67,"column":46}},"8":{"start":{"line":93,"column":0},"end":{"line":93,"column":52}},"9":{"start":{"line":125,"column":0},"end":{"line":125,"column":64}},"10":{"start":{"line":127,"column":0},"end":{"line":127,"column":24}}},"fnMap":{},"branchMap":{},"s":{"0":2,"1":2,"2":2,"3":2,"4":2,"5":2,"6":2,"7":2,"8":2,"9":2,"10":2},"f":{},"b":{},"_coverageSchema":"1a1c01bbd47fc00a2c39e90264f33305004495a9","hash":"474b1c45b9c8249981f4560132394bfe4c4f1aa6"}
,"C:\\Users\\bcari\\OneDrive\\Escritorio\\Clase20-08-22\\routes\\tracks.js": {"path":"C:\\Users\\bcari\\OneDrive\\Escritorio\\Clase20-08-22\\routes\\tracks.js","statementMap":{"0":{"start":{"line":1,"column":16},"end":{"line":1,"column":34}},"1":{"start":{"line":2,"column":15},"end":{"line":2,"column":31}},"2":{"start":{"line":3,"column":25},"end":{"line":3,"column":57}},"3":{"start":{"line":4,"column":19},"end":{"line":4,"column":47}},"4":{"start":{"line":5,"column":48},"end":{"line":5,"column":79}},"5":{"start":{"line":6,"column":21},"end":{"line":6,"column":58}},"6":{"start":{"line":7,"column":66},"end":{"line":7,"column":98}},"7":{"start":{"line":32,"column":0},"end":{"line":32,"column":42}},"8":{"start":{"line":61,"column":1},"end":{"line":61,"column":64}},"9":{"start":{"line":89,"column":0},"end":{"line":89,"column":95}},"10":{"start":{"line":128,"column":2},"end":{"line":128,"column":88}},"11":{"start":{"line":153,"column":1},"end":{"line":153,"column":69}},"12":{"start":{"line":155,"column":0},"end":{"line":155,"column":24}}},"fnMap":{},"branchMap":{},"s":{"0":2,"1":2,"2":2,"3":2,"4":2,"5":2,"6":2,"7":2,"8":2,"9":2,"10":2,"11":2,"12":2},"f":{},"b":{},"_coverageSchema":"1a1c01bbd47fc00a2c39e90264f33305004495a9","hash":"3cdcb7757bba301437ba49e489cc7257fd1cca42"}
,"C:\\Users\\bcari\\OneDrive\\Escritorio\\Clase20-08-22\\test\\helper\\helperData.js": {"path":"C:\\Users\\bcari\\OneDrive\\Escritorio\\Clase20-08-22\\test\\helper\\helperData.js","statementMap":{"0":{"start":{"line":1,"column":22},"end":{"line":4,"column":3}},"1":{"start":{"line":6,"column":27},"end":{"line":11,"column":3}},"2":{"start":{"line":13,"column":32},"end":{"line":19,"column":3}},"3":{"start":{"line":21,"column":30},"end":{"line":24,"column":3}},"4":{"start":{"line":26,"column":24},"end":{"line":40,"column":3}},"5":{"start":{"line":43,"column":2},"end":{"line":49,"column":3}}},"fnMap":{},"branchMap":{},"s":{"0":1,"1":1,"2":1,"3":1,"4":1,"5":1},"f":{},"b":{},"_coverageSchema":"1a1c01bbd47fc00a2c39e90264f33305004495a9","hash":"5a76f7d0cbcef9eb1b6b305e3bf6450d5801f419"}
,"C:\\Users\\bcari\\OneDrive\\Escritorio\\Clase20-08-22\\utils\\handleJwt.js": {"path":"C:\\Users\\bcari\\OneDrive\\Escritorio\\Clase20-08-22\\utils\\handleJwt.js","statementMap":{"0":{"start":{"line":1,"column":12},"end":{"line":1,"column":35}},"1":{"start":{"line":2,"column":19},"end":{"line":2,"column":41}},"2":{"start":{"line":3,"column":22},"end":{"line":3,"column":64}},"3":{"start":{"line":4,"column":22},"end":{"line":4,"column":37}},"4":{"start":{"line":9,"column":18},"end":{"line":22,"column":1}},"5":{"start":{"line":10,"column":13},"end":{"line":20,"column":3}},"6":{"start":{"line":21,"column":2},"end":{"line":21,"column":13}},"7":{"start":{"line":29,"column":20},"end":{"line":35,"column":1}},"8":{"start":{"line":30,"column":4},"end":{"line":34,"column":5}},"9":{"start":{"line":31,"column":8},"end":{"line":31,"column":47}},"10":{"start":{"line":33,"column":8},"end":{"line":33,"column":19}},"11":{"start":{"line":37,"column":0},"end":{"line":37,"column":40}}},"fnMap":{"0":{"name":"(anonymous_0)","decl":{"start":{"line":9,"column":18},"end":{"line":9,"column":19}},"loc":{"start":{"line":9,"column":33},"end":{"line":22,"column":1}},"line":9},"1":{"name":"(anonymous_1)","decl":{"start":{"line":29,"column":20},"end":{"line":29,"column":21}},"loc":{"start":{"line":29,"column":39},"end":{"line":35,"column":1}},"line":29}},"branchMap":{},"s":{"0":2,"1":2,"2":2,"3":2,"4":2,"5":2,"6":2,"7":2,"8":4,"9":4,"10":0,"11":2},"f":{"0":2,"1":4},"b":{},"_coverageSchema":"1a1c01bbd47fc00a2c39e90264f33305004495a9","hash":"93897917acc49652a15cacfdf1ae44e1df092e5b"}
}
